[2015-06-26 13:09:22,854] DEBUG preRegister called. Server=com.sun.jmx.mbeanserver.JmxMBeanServer@2e8f4fb3, name=log4j:logger=kafka.controller (kafka.controller)
[2015-06-26 13:09:29,130] INFO [Controller 0]: Controller starting up (kafka.controller.KafkaController)
[2015-06-26 13:09:29,163] INFO [Controller 0]: Broker 0 starting become controller state transition (kafka.controller.KafkaController)
[2015-06-26 13:09:29,171] INFO [Controller 0]: Initialized controller epoch to 1 and zk version 0 (kafka.controller.KafkaController)
[2015-06-26 13:09:29,182] INFO [Controller 0]: Controller 0 incremented epoch to 2 (kafka.controller.KafkaController)
[2015-06-26 13:09:29,269] INFO [Controller 0]: Partitions undergoing preferred replica election:  (kafka.controller.KafkaController)
[2015-06-26 13:09:29,269] INFO [Controller 0]: Partitions that completed preferred replica election:  (kafka.controller.KafkaController)
[2015-06-26 13:09:29,270] INFO [Controller 0]: Resuming preferred replica election for partitions:  (kafka.controller.KafkaController)
[2015-06-26 13:09:29,274] INFO [Controller 0]: Partitions being reassigned: Map() (kafka.controller.KafkaController)
[2015-06-26 13:09:29,274] INFO [Controller 0]: Partitions already reassigned: List() (kafka.controller.KafkaController)
[2015-06-26 13:09:29,275] INFO [Controller 0]: Resuming reassignment of partitions: Map() (kafka.controller.KafkaController)
[2015-06-26 13:09:29,281] INFO [Controller 0]: List of topics to be deleted:  (kafka.controller.KafkaController)
[2015-06-26 13:09:29,281] INFO [Controller 0]: List of topics ineligible for deletion: access_log,important (kafka.controller.KafkaController)
[2015-06-26 13:09:29,284] INFO [Controller 0]: Currently active brokers in the cluster: Set() (kafka.controller.KafkaController)
[2015-06-26 13:09:29,284] INFO [Controller 0]: Currently shutting brokers in the cluster: Set() (kafka.controller.KafkaController)
[2015-06-26 13:09:29,285] INFO [Controller 0]: Current list of topics in the cluster: Set(access_log, important) (kafka.controller.KafkaController)
[2015-06-26 13:09:29,289] INFO [Replica state machine on controller 0]: Started replica state machine with initial state -> Map([Topic=important,Partition=0,Replica=0] -> ReplicaDeletionIneligible, [Topic=access_log,Partition=0,Replica=0] -> ReplicaDeletionIneligible) (kafka.controller.ReplicaStateMachine)
[2015-06-26 13:09:29,317] DEBUG [OfflinePartitionLeaderSelector]: No broker in ISR is alive for [access_log,0]. Pick the leader from the alive assigned replicas:  (kafka.controller.OfflinePartitionLeaderSelector)
[2015-06-26 13:09:29,340] DEBUG [OfflinePartitionLeaderSelector]: No broker in ISR is alive for [important,0]. Pick the leader from the alive assigned replicas:  (kafka.controller.OfflinePartitionLeaderSelector)
[2015-06-26 13:09:29,346] INFO [Partition state machine on Controller 0]: Started partition state machine with initial state -> Map([important,0] -> OfflinePartition, [access_log,0] -> OfflinePartition) (kafka.controller.PartitionStateMachine)
[2015-06-26 13:09:29,350] INFO [Controller 0]: Broker 0 is ready to serve as the new controller with epoch 2 (kafka.controller.KafkaController)
[2015-06-26 13:09:29,351] INFO [Controller 0]: Starting preferred replica leader election for partitions  (kafka.controller.KafkaController)
[2015-06-26 13:09:29,351] INFO [Partition state machine on Controller 0]: Invoking state change to OnlinePartition for partitions  (kafka.controller.PartitionStateMachine)
[2015-06-26 13:09:29,360] INFO [Controller 0]: starting the partition rebalance scheduler (kafka.controller.KafkaController)
[2015-06-26 13:09:29,361] INFO [Controller 0]: Controller startup complete (kafka.controller.KafkaController)
[2015-06-26 13:09:29,378] INFO [BrokerChangeListener on Controller 0]: Broker change listener fired for path /brokers/ids with children 0 (kafka.controller.ReplicaStateMachine$BrokerChangeListener)
[2015-06-26 13:09:29,417] INFO [BrokerChangeListener on Controller 0]: Newly added brokers: 0, deleted brokers: , all live brokers: 0 (kafka.controller.ReplicaStateMachine$BrokerChangeListener)
[2015-06-26 13:09:29,419] DEBUG [Channel manager on controller 0]: Controller 0 trying to connect to broker 0 (kafka.controller.ControllerChannelManager)
[2015-06-26 13:09:29,441] INFO [Controller-0-to-broker-0-send-thread], Controller 0 connected to id:0,host:10.11.68.231,port:9092 for sending state change requests (kafka.controller.RequestSendThread)
[2015-06-26 13:09:29,450] INFO [Controller-0-to-broker-0-send-thread], Starting  (kafka.controller.RequestSendThread)
[2015-06-26 13:09:29,452] INFO [Controller 0]: New broker startup callback for 0 (kafka.controller.KafkaController)
[2015-06-26 13:09:29,469] INFO [Replica state machine on controller 0]: Invoking state change to OnlineReplica for replicas [Topic=access_log,Partition=0,Replica=0],[Topic=important,Partition=0,Replica=0] (kafka.controller.ReplicaStateMachine)
[2015-06-26 13:09:29,506] DEBUG [OfflinePartitionLeaderSelector]: Some broker in ISR is alive for [access_log,0]. Select 0 from ISR 0 to be the leader. (kafka.controller.OfflinePartitionLeaderSelector)
[2015-06-26 13:09:29,511] INFO [OfflinePartitionLeaderSelector]: Selected new leader and ISR {"leader":0,"leader_epoch":1,"isr":[0]} for offline partition [access_log,0] (kafka.controller.OfflinePartitionLeaderSelector)
[2015-06-26 13:09:29,525] DEBUG [Partition state machine on Controller 0]: After leader election, leader cache is updated to Map([important,0] -> (Leader:0,ISR:0,LeaderEpoch:0,ControllerEpoch:1), [access_log,0] -> (Leader:0,ISR:0,LeaderEpoch:1,ControllerEpoch:2)) (kafka.controller.PartitionStateMachine)
[2015-06-26 13:09:29,538] DEBUG [OfflinePartitionLeaderSelector]: Some broker in ISR is alive for [important,0]. Select 0 from ISR 0 to be the leader. (kafka.controller.OfflinePartitionLeaderSelector)
[2015-06-26 13:09:29,538] INFO [OfflinePartitionLeaderSelector]: Selected new leader and ISR {"leader":0,"leader_epoch":1,"isr":[0]} for offline partition [important,0] (kafka.controller.OfflinePartitionLeaderSelector)
[2015-06-26 13:09:29,542] DEBUG [Partition state machine on Controller 0]: After leader election, leader cache is updated to Map([important,0] -> (Leader:0,ISR:0,LeaderEpoch:1,ControllerEpoch:2), [access_log,0] -> (Leader:0,ISR:0,LeaderEpoch:1,ControllerEpoch:2)) (kafka.controller.PartitionStateMachine)
[2015-06-26 13:09:34,363] TRACE [Controller 0]: checking need to trigger partition rebalance (kafka.controller.KafkaController)
[2015-06-26 13:09:34,367] DEBUG [Controller 0]: preferred replicas by broker Map(0 -> Map([access_log,0] -> List(0), [important,0] -> List(0))) (kafka.controller.KafkaController)
[2015-06-26 13:09:34,370] DEBUG [Controller 0]: topics not in preferred replica Map() (kafka.controller.KafkaController)
[2015-06-26 13:09:34,435] TRACE [Controller 0]: leader imbalance ratio for broker 0 is 0.000000 (kafka.controller.KafkaController)
[2015-06-26 13:14:34,368] TRACE [Controller 0]: checking need to trigger partition rebalance (kafka.controller.KafkaController)
[2015-06-26 13:14:34,382] DEBUG [Controller 0]: preferred replicas by broker Map(0 -> Map([access_log,0] -> List(0), [important,0] -> List(0))) (kafka.controller.KafkaController)
[2015-06-26 13:14:34,382] DEBUG [Controller 0]: topics not in preferred replica Map() (kafka.controller.KafkaController)
[2015-06-26 13:14:34,382] TRACE [Controller 0]: leader imbalance ratio for broker 0 is 0.000000 (kafka.controller.KafkaController)
[2015-06-26 13:15:33,330] DEBUG preRegister called. Server=com.sun.jmx.mbeanserver.JmxMBeanServer@7d2a1e44, name=log4j:logger=kafka.controller (kafka.controller)
[2015-06-26 13:16:26,017] INFO [Controller 0]: Shutting down broker 0 (kafka.controller.KafkaController)
[2015-06-26 13:16:26,018] DEBUG [Controller 0]: All shutting down brokers: 0 (kafka.controller.KafkaController)
[2015-06-26 13:16:26,019] DEBUG [Controller 0]: Live brokers:  (kafka.controller.KafkaController)
[2015-06-26 13:16:26,024] TRACE [Controller 0]: All leaders = [access_log,0] -> (Leader:0,ISR:0,LeaderEpoch:1,ControllerEpoch:2),[important,0] -> (Leader:0,ISR:0,LeaderEpoch:1,ControllerEpoch:2) (kafka.controller.KafkaController)
[2015-06-26 13:16:26,472] INFO [Partition state machine on Controller 0]: Stopped partition state machine (kafka.controller.PartitionStateMachine)
[2015-06-26 13:16:26,472] INFO [Replica state machine on controller 0]: Stopped replica state machine (kafka.controller.ReplicaStateMachine)
[2015-06-26 13:16:26,473] INFO [Controller-0-to-broker-0-send-thread], Shutting down (kafka.controller.RequestSendThread)
[2015-06-26 13:16:26,474] INFO [Controller-0-to-broker-0-send-thread], Stopped  (kafka.controller.RequestSendThread)
[2015-06-26 13:16:26,474] INFO [Controller-0-to-broker-0-send-thread], Shutdown completed (kafka.controller.RequestSendThread)
[2015-06-26 13:16:57,310] DEBUG preRegister called. Server=com.sun.jmx.mbeanserver.JmxMBeanServer@42b988a6, name=log4j:logger=kafka.controller (kafka.controller)
[2015-06-26 13:18:48,746] DEBUG preRegister called. Server=com.sun.jmx.mbeanserver.JmxMBeanServer@42b988a6, name=log4j:logger=kafka.controller (kafka.controller)
[2015-06-26 13:19:35,550] DEBUG preRegister called. Server=com.sun.jmx.mbeanserver.JmxMBeanServer@22ba6c83, name=log4j:logger=kafka.controller (kafka.controller)
[2015-06-26 13:20:40,554] DEBUG preRegister called. Server=com.sun.jmx.mbeanserver.JmxMBeanServer@42b988a6, name=log4j:logger=kafka.controller (kafka.controller)
[2015-06-26 13:21:33,372] DEBUG preRegister called. Server=com.sun.jmx.mbeanserver.JmxMBeanServer@22ba6c83, name=log4j:logger=kafka.controller (kafka.controller)
[2015-06-26 13:22:53,603] DEBUG preRegister called. Server=com.sun.jmx.mbeanserver.JmxMBeanServer@42b988a6, name=log4j:logger=kafka.controller (kafka.controller)
[2015-06-26 13:22:55,243] INFO [Controller 0]: Controller starting up (kafka.controller.KafkaController)
[2015-06-26 13:22:55,285] INFO [Controller 0]: Broker 0 starting become controller state transition (kafka.controller.KafkaController)
[2015-06-26 13:22:55,295] INFO [Controller 0]: Initialized controller epoch to 2 and zk version 1 (kafka.controller.KafkaController)
[2015-06-26 13:22:55,302] INFO [Controller 0]: Controller 0 incremented epoch to 3 (kafka.controller.KafkaController)
[2015-06-26 13:22:55,455] INFO [Controller 0]: Partitions undergoing preferred replica election:  (kafka.controller.KafkaController)
[2015-06-26 13:22:55,456] INFO [Controller 0]: Partitions that completed preferred replica election:  (kafka.controller.KafkaController)
[2015-06-26 13:22:55,457] INFO [Controller 0]: Resuming preferred replica election for partitions:  (kafka.controller.KafkaController)
[2015-06-26 13:22:55,463] INFO [Controller 0]: Partitions being reassigned: Map() (kafka.controller.KafkaController)
[2015-06-26 13:22:55,464] INFO [Controller 0]: Partitions already reassigned: List() (kafka.controller.KafkaController)
[2015-06-26 13:22:55,465] INFO [Controller 0]: Resuming reassignment of partitions: Map() (kafka.controller.KafkaController)
[2015-06-26 13:22:55,472] INFO [Controller 0]: List of topics to be deleted:  (kafka.controller.KafkaController)
[2015-06-26 13:22:55,473] INFO [Controller 0]: List of topics ineligible for deletion: access_log,important (kafka.controller.KafkaController)
[2015-06-26 13:22:55,477] INFO [Controller 0]: Currently active brokers in the cluster: Set() (kafka.controller.KafkaController)
[2015-06-26 13:22:55,478] INFO [Controller 0]: Currently shutting brokers in the cluster: Set() (kafka.controller.KafkaController)
[2015-06-26 13:22:55,478] INFO [Controller 0]: Current list of topics in the cluster: Set(access_log, important) (kafka.controller.KafkaController)
[2015-06-26 13:22:55,486] INFO [Replica state machine on controller 0]: Started replica state machine with initial state -> Map([Topic=important,Partition=0,Replica=0] -> ReplicaDeletionIneligible, [Topic=access_log,Partition=0,Replica=0] -> ReplicaDeletionIneligible) (kafka.controller.ReplicaStateMachine)
[2015-06-26 13:22:55,517] DEBUG [OfflinePartitionLeaderSelector]: No broker in ISR is alive for [access_log,0]. Pick the leader from the alive assigned replicas:  (kafka.controller.OfflinePartitionLeaderSelector)
[2015-06-26 13:22:55,552] DEBUG [OfflinePartitionLeaderSelector]: No broker in ISR is alive for [important,0]. Pick the leader from the alive assigned replicas:  (kafka.controller.OfflinePartitionLeaderSelector)
[2015-06-26 13:22:55,558] INFO [Partition state machine on Controller 0]: Started partition state machine with initial state -> Map([important,0] -> OfflinePartition, [access_log,0] -> OfflinePartition) (kafka.controller.PartitionStateMachine)
[2015-06-26 13:22:55,562] INFO [Controller 0]: Broker 0 is ready to serve as the new controller with epoch 3 (kafka.controller.KafkaController)
[2015-06-26 13:22:55,563] INFO [Controller 0]: Starting preferred replica leader election for partitions  (kafka.controller.KafkaController)
[2015-06-26 13:22:55,564] INFO [Partition state machine on Controller 0]: Invoking state change to OnlinePartition for partitions  (kafka.controller.PartitionStateMachine)
[2015-06-26 13:22:55,676] INFO [Controller 0]: starting the partition rebalance scheduler (kafka.controller.KafkaController)
[2015-06-26 13:22:55,677] INFO [Controller 0]: Controller startup complete (kafka.controller.KafkaController)
[2015-06-26 13:22:55,709] INFO [BrokerChangeListener on Controller 0]: Broker change listener fired for path /brokers/ids with children 0 (kafka.controller.ReplicaStateMachine$BrokerChangeListener)
[2015-06-26 13:22:55,810] INFO [BrokerChangeListener on Controller 0]: Newly added brokers: 0, deleted brokers: , all live brokers: 0 (kafka.controller.ReplicaStateMachine$BrokerChangeListener)
[2015-06-26 13:22:55,813] DEBUG [Channel manager on controller 0]: Controller 0 trying to connect to broker 0 (kafka.controller.ControllerChannelManager)
[2015-06-26 13:22:55,837] INFO [Controller-0-to-broker-0-send-thread], Controller 0 connected to id:0,host:10.11.68.231,port:9092 for sending state change requests (kafka.controller.RequestSendThread)
[2015-06-26 13:22:55,841] INFO [Controller-0-to-broker-0-send-thread], Starting  (kafka.controller.RequestSendThread)
[2015-06-26 13:22:55,842] INFO [Controller 0]: New broker startup callback for 0 (kafka.controller.KafkaController)
[2015-06-26 13:22:55,858] INFO [Replica state machine on controller 0]: Invoking state change to OnlineReplica for replicas [Topic=access_log,Partition=0,Replica=0],[Topic=important,Partition=0,Replica=0] (kafka.controller.ReplicaStateMachine)
[2015-06-26 13:22:55,898] DEBUG [OfflinePartitionLeaderSelector]: Some broker in ISR is alive for [access_log,0]. Select 0 from ISR 0 to be the leader. (kafka.controller.OfflinePartitionLeaderSelector)
[2015-06-26 13:22:55,901] INFO [OfflinePartitionLeaderSelector]: Selected new leader and ISR {"leader":0,"leader_epoch":2,"isr":[0]} for offline partition [access_log,0] (kafka.controller.OfflinePartitionLeaderSelector)
[2015-06-26 13:22:55,935] DEBUG [Partition state machine on Controller 0]: After leader election, leader cache is updated to Map([important,0] -> (Leader:0,ISR:0,LeaderEpoch:1,ControllerEpoch:2), [access_log,0] -> (Leader:0,ISR:0,LeaderEpoch:2,ControllerEpoch:3)) (kafka.controller.PartitionStateMachine)
[2015-06-26 13:22:55,947] DEBUG [OfflinePartitionLeaderSelector]: Some broker in ISR is alive for [important,0]. Select 0 from ISR 0 to be the leader. (kafka.controller.OfflinePartitionLeaderSelector)
[2015-06-26 13:22:55,947] INFO [OfflinePartitionLeaderSelector]: Selected new leader and ISR {"leader":0,"leader_epoch":2,"isr":[0]} for offline partition [important,0] (kafka.controller.OfflinePartitionLeaderSelector)
[2015-06-26 13:22:55,965] DEBUG [Partition state machine on Controller 0]: After leader election, leader cache is updated to Map([important,0] -> (Leader:0,ISR:0,LeaderEpoch:2,ControllerEpoch:3), [access_log,0] -> (Leader:0,ISR:0,LeaderEpoch:2,ControllerEpoch:3)) (kafka.controller.PartitionStateMachine)
[2015-06-26 13:23:00,678] TRACE [Controller 0]: checking need to trigger partition rebalance (kafka.controller.KafkaController)
[2015-06-26 13:23:00,680] DEBUG [Controller 0]: preferred replicas by broker Map(0 -> Map([access_log,0] -> List(0), [important,0] -> List(0))) (kafka.controller.KafkaController)
[2015-06-26 13:23:00,682] DEBUG [Controller 0]: topics not in preferred replica Map() (kafka.controller.KafkaController)
[2015-06-26 13:23:00,750] TRACE [Controller 0]: leader imbalance ratio for broker 0 is 0.000000 (kafka.controller.KafkaController)
[2015-06-26 13:23:32,903] INFO [Controller 0]: Shutting down broker 0 (kafka.controller.KafkaController)
[2015-06-26 13:23:32,905] DEBUG [Controller 0]: All shutting down brokers: 0 (kafka.controller.KafkaController)
[2015-06-26 13:23:32,905] DEBUG [Controller 0]: Live brokers:  (kafka.controller.KafkaController)
[2015-06-26 13:23:32,912] TRACE [Controller 0]: All leaders = [access_log,0] -> (Leader:0,ISR:0,LeaderEpoch:2,ControllerEpoch:3),[important,0] -> (Leader:0,ISR:0,LeaderEpoch:2,ControllerEpoch:3) (kafka.controller.KafkaController)
[2015-06-26 13:23:33,273] INFO [Partition state machine on Controller 0]: Stopped partition state machine (kafka.controller.PartitionStateMachine)
[2015-06-26 13:23:33,274] INFO [Replica state machine on controller 0]: Stopped replica state machine (kafka.controller.ReplicaStateMachine)
[2015-06-26 13:23:33,275] INFO [Controller-0-to-broker-0-send-thread], Shutting down (kafka.controller.RequestSendThread)
[2015-06-26 13:23:33,275] INFO [Controller-0-to-broker-0-send-thread], Stopped  (kafka.controller.RequestSendThread)
[2015-06-26 13:23:33,275] INFO [Controller-0-to-broker-0-send-thread], Shutdown completed (kafka.controller.RequestSendThread)
