[2015-06-26 13:09:23,176] INFO Verifying properties (kafka.utils.VerifiableProperties)
[2015-06-26 13:09:23,218] INFO Property broker.id is overridden to 0 (kafka.utils.VerifiableProperties)
[2015-06-26 13:09:23,218] INFO Property log.cleaner.enable is overridden to false (kafka.utils.VerifiableProperties)
[2015-06-26 13:09:23,218] INFO Property log.dirs is overridden to /tmp/kafka-logs (kafka.utils.VerifiableProperties)
[2015-06-26 13:09:23,219] INFO Property log.retention.check.interval.ms is overridden to 300000 (kafka.utils.VerifiableProperties)
[2015-06-26 13:09:23,219] INFO Property log.retention.hours is overridden to 168 (kafka.utils.VerifiableProperties)
[2015-06-26 13:09:23,219] INFO Property log.segment.bytes is overridden to 1073741824 (kafka.utils.VerifiableProperties)
[2015-06-26 13:09:23,220] INFO Property num.io.threads is overridden to 8 (kafka.utils.VerifiableProperties)
[2015-06-26 13:09:23,220] INFO Property num.network.threads is overridden to 3 (kafka.utils.VerifiableProperties)
[2015-06-26 13:09:23,220] INFO Property num.partitions is overridden to 1 (kafka.utils.VerifiableProperties)
[2015-06-26 13:09:23,220] INFO Property num.recovery.threads.per.data.dir is overridden to 1 (kafka.utils.VerifiableProperties)
[2015-06-26 13:09:23,220] INFO Property port is overridden to 9092 (kafka.utils.VerifiableProperties)
[2015-06-26 13:09:23,220] INFO Property socket.receive.buffer.bytes is overridden to 102400 (kafka.utils.VerifiableProperties)
[2015-06-26 13:09:23,221] INFO Property socket.request.max.bytes is overridden to 104857600 (kafka.utils.VerifiableProperties)
[2015-06-26 13:09:23,221] INFO Property socket.send.buffer.bytes is overridden to 102400 (kafka.utils.VerifiableProperties)
[2015-06-26 13:09:23,221] INFO Property zookeeper.connect is overridden to localhost:2181 (kafka.utils.VerifiableProperties)
[2015-06-26 13:09:23,221] INFO Property zookeeper.connection.timeout.ms is overridden to 6000 (kafka.utils.VerifiableProperties)
[2015-06-26 13:09:23,281] INFO [Kafka Server 0], starting (kafka.server.KafkaServer)
[2015-06-26 13:09:23,293] INFO [Kafka Server 0], Connecting to zookeeper on localhost:2181 (kafka.server.KafkaServer)
[2015-06-26 13:09:28,797] INFO Loading logs. (kafka.log.LogManager)
[2015-06-26 13:09:28,911] INFO Recovering unflushed segment 0 in log access_log-0. (kafka.log.Log)
[2015-06-26 13:09:28,948] INFO Completed load of log access_log-0 with log end offset 3 (kafka.log.Log)
[2015-06-26 13:09:28,978] INFO Recovering unflushed segment 0 in log important-0. (kafka.log.Log)
[2015-06-26 13:09:28,980] INFO Completed load of log important-0 with log end offset 3 (kafka.log.Log)
[2015-06-26 13:09:28,984] INFO Logs loading complete. (kafka.log.LogManager)
[2015-06-26 13:09:28,985] INFO Starting log cleanup with a period of 300000 ms. (kafka.log.LogManager)
[2015-06-26 13:09:28,988] INFO Starting log flusher with a default period of 9223372036854775807 ms. (kafka.log.LogManager)
[2015-06-26 13:09:29,045] INFO Awaiting socket connections on 0.0.0.0:9092. (kafka.network.Acceptor)
[2015-06-26 13:09:29,046] INFO [Socket Server on Broker 0], Started (kafka.network.SocketServer)
[2015-06-26 13:09:29,129] INFO Will not load MX4J, mx4j-tools.jar is not in the classpath (kafka.utils.Mx4jLoader$)
[2015-06-26 13:09:29,162] INFO 0 successfully elected as leader (kafka.server.ZookeeperLeaderElector)
[2015-06-26 13:09:29,375] INFO New leader is 0 (kafka.server.ZookeeperLeaderElector$LeaderChangeListener)
[2015-06-26 13:09:29,376] INFO Registered broker 0 at path /brokers/ids/0 with address 10.11.68.231:9092. (kafka.utils.ZkUtils$)
[2015-06-26 13:09:29,385] INFO [Kafka Server 0], started (kafka.server.KafkaServer)
[2015-06-26 13:09:29,636] INFO [ReplicaFetcherManager on broker 0] Removed fetcher for partitions [access_log,0],[important,0] (kafka.server.ReplicaFetcherManager)
[2015-06-26 13:09:29,696] INFO [ReplicaFetcherManager on broker 0] Removed fetcher for partitions [access_log,0],[important,0] (kafka.server.ReplicaFetcherManager)
[2015-06-26 13:11:38,672] FATAL  (kafka.Kafka$)
java.io.FileNotFoundException: --help (No such file or directory)
	at java.io.FileInputStream.open(Native Method)
	at java.io.FileInputStream.<init>(FileInputStream.java:120)
	at java.io.FileInputStream.<init>(FileInputStream.java:79)
	at kafka.utils.Utils$.loadProps(Utils.scala:146)
	at kafka.Kafka$.main(Kafka.scala:34)
	at kafka.Kafka.main(Kafka.scala)
[2015-06-26 13:15:52,559] INFO Closing socket connection to /0:0:0:0:0:0:0:1%0 due to invalid request: Request of length 1195725856 is not valid, it is larger than the maximum size of 104857600 bytes. (kafka.network.Processor)
[2015-06-26 13:16:25,962] INFO [Kafka Server 0], shutting down (kafka.server.KafkaServer)
[2015-06-26 13:16:25,963] INFO [Kafka Server 0], Starting controlled shutdown (kafka.server.KafkaServer)
[2015-06-26 13:16:26,030] INFO [Kafka Server 0], Controlled shutdown succeeded (kafka.server.KafkaServer)
[2015-06-26 13:16:26,032] INFO Closing socket connection to /10.11.68.231. (kafka.network.Processor)
[2015-06-26 13:16:26,033] INFO [Socket Server on Broker 0], Shutting down (kafka.network.SocketServer)
[2015-06-26 13:16:26,044] INFO [Socket Server on Broker 0], Shutdown completed (kafka.network.SocketServer)
[2015-06-26 13:16:26,045] INFO [Kafka Request Handler on Broker 0], shutting down (kafka.server.KafkaRequestHandlerPool)
[2015-06-26 13:16:26,049] INFO [Kafka Request Handler on Broker 0], shut down completely (kafka.server.KafkaRequestHandlerPool)
[2015-06-26 13:16:26,429] INFO [Replica Manager on Broker 0]: Shut down (kafka.server.ReplicaManager)
[2015-06-26 13:16:26,430] INFO [ReplicaFetcherManager on broker 0] shutting down (kafka.server.ReplicaFetcherManager)
[2015-06-26 13:16:26,431] INFO [ReplicaFetcherManager on broker 0] shutdown completed (kafka.server.ReplicaFetcherManager)
[2015-06-26 13:16:26,434] INFO [Replica Manager on Broker 0]: Shut down completely (kafka.server.ReplicaManager)
[2015-06-26 13:16:26,435] INFO Shutting down. (kafka.log.LogManager)
[2015-06-26 13:16:26,469] INFO Shutdown complete. (kafka.log.LogManager)
[2015-06-26 13:16:27,101] INFO [Kafka Server 0], shut down completed (kafka.server.KafkaServer)
[2015-06-26 13:22:54,012] INFO Verifying properties (kafka.utils.VerifiableProperties)
[2015-06-26 13:22:54,073] INFO Property broker.id is overridden to 0 (kafka.utils.VerifiableProperties)
[2015-06-26 13:22:54,074] INFO Property log.cleaner.enable is overridden to false (kafka.utils.VerifiableProperties)
[2015-06-26 13:22:54,074] INFO Property log.dirs is overridden to /tmp/kafka-logs (kafka.utils.VerifiableProperties)
[2015-06-26 13:22:54,074] INFO Property log.retention.check.interval.ms is overridden to 300000 (kafka.utils.VerifiableProperties)
[2015-06-26 13:22:54,074] INFO Property log.retention.hours is overridden to 168 (kafka.utils.VerifiableProperties)
[2015-06-26 13:22:54,075] INFO Property log.segment.bytes is overridden to 1073741824 (kafka.utils.VerifiableProperties)
[2015-06-26 13:22:54,075] INFO Property num.io.threads is overridden to 8 (kafka.utils.VerifiableProperties)
[2015-06-26 13:22:54,075] INFO Property num.network.threads is overridden to 3 (kafka.utils.VerifiableProperties)
[2015-06-26 13:22:54,075] INFO Property num.partitions is overridden to 1 (kafka.utils.VerifiableProperties)
[2015-06-26 13:22:54,076] INFO Property num.recovery.threads.per.data.dir is overridden to 1 (kafka.utils.VerifiableProperties)
[2015-06-26 13:22:54,076] INFO Property port is overridden to 9092 (kafka.utils.VerifiableProperties)
[2015-06-26 13:22:54,076] INFO Property socket.receive.buffer.bytes is overridden to 102400 (kafka.utils.VerifiableProperties)
[2015-06-26 13:22:54,079] INFO Property socket.request.max.bytes is overridden to 104857600 (kafka.utils.VerifiableProperties)
[2015-06-26 13:22:54,079] INFO Property socket.send.buffer.bytes is overridden to 102400 (kafka.utils.VerifiableProperties)
[2015-06-26 13:22:54,080] INFO Property zookeeper.connect is overridden to localhost:2181 (kafka.utils.VerifiableProperties)
[2015-06-26 13:22:54,080] INFO Property zookeeper.connection.timeout.ms is overridden to 6000 (kafka.utils.VerifiableProperties)
[2015-06-26 13:22:54,149] INFO [Kafka Server 0], starting (kafka.server.KafkaServer)
[2015-06-26 13:22:54,151] INFO [Kafka Server 0], Connecting to zookeeper on localhost:2181 (kafka.server.KafkaServer)
[2015-06-26 13:22:54,587] INFO Loading logs. (kafka.log.LogManager)
[2015-06-26 13:22:54,987] INFO Completed load of log access_log-0 with log end offset 3 (kafka.log.Log)
[2015-06-26 13:22:55,000] INFO Completed load of log important-0 with log end offset 3 (kafka.log.Log)
[2015-06-26 13:22:55,022] INFO Logs loading complete. (kafka.log.LogManager)
[2015-06-26 13:22:55,024] INFO Starting log cleanup with a period of 300000 ms. (kafka.log.LogManager)
[2015-06-26 13:22:55,029] INFO Starting log flusher with a default period of 9223372036854775807 ms. (kafka.log.LogManager)
[2015-06-26 13:22:55,116] INFO Awaiting socket connections on 0.0.0.0:9092. (kafka.network.Acceptor)
[2015-06-26 13:22:55,118] INFO [Socket Server on Broker 0], Started (kafka.network.SocketServer)
[2015-06-26 13:22:55,241] INFO Will not load MX4J, mx4j-tools.jar is not in the classpath (kafka.utils.Mx4jLoader$)
[2015-06-26 13:22:55,284] INFO 0 successfully elected as leader (kafka.server.ZookeeperLeaderElector)
[2015-06-26 13:22:55,694] INFO New leader is 0 (kafka.server.ZookeeperLeaderElector$LeaderChangeListener)
[2015-06-26 13:22:55,709] INFO Registered broker 0 at path /brokers/ids/0 with address 10.11.68.231:9092. (kafka.utils.ZkUtils$)
[2015-06-26 13:22:55,733] INFO [Kafka Server 0], started (kafka.server.KafkaServer)
[2015-06-26 13:22:55,960] INFO [ReplicaFetcherManager on broker 0] Removed fetcher for partitions [access_log,0],[important,0] (kafka.server.ReplicaFetcherManager)
[2015-06-26 13:22:56,016] INFO [ReplicaFetcherManager on broker 0] Removed fetcher for partitions [access_log,0],[important,0] (kafka.server.ReplicaFetcherManager)
[2015-06-26 13:23:25,171] INFO Closing socket connection to /0:0:0:0:0:0:0:1%0 due to invalid request: Request of length 1195725856 is not valid, it is larger than the maximum size of 104857600 bytes. (kafka.network.Processor)
[2015-06-26 13:23:30,608] INFO Closing socket connection to /127.0.0.1. (kafka.network.Processor)
[2015-06-26 13:23:30,608] INFO Closing socket connection to /127.0.0.1. (kafka.network.Processor)
[2015-06-26 13:23:32,860] INFO [Kafka Server 0], shutting down (kafka.server.KafkaServer)
[2015-06-26 13:23:32,865] INFO [Kafka Server 0], Starting controlled shutdown (kafka.server.KafkaServer)
[2015-06-26 13:23:32,925] INFO [Kafka Server 0], Controlled shutdown succeeded (kafka.server.KafkaServer)
[2015-06-26 13:23:32,926] INFO Closing socket connection to /10.11.68.231. (kafka.network.Processor)
[2015-06-26 13:23:32,932] INFO [Socket Server on Broker 0], Shutting down (kafka.network.SocketServer)
[2015-06-26 13:23:32,939] INFO [Socket Server on Broker 0], Shutdown completed (kafka.network.SocketServer)
[2015-06-26 13:23:32,940] INFO [Kafka Request Handler on Broker 0], shutting down (kafka.server.KafkaRequestHandlerPool)
[2015-06-26 13:23:32,942] INFO [Kafka Request Handler on Broker 0], shut down completely (kafka.server.KafkaRequestHandlerPool)
[2015-06-26 13:23:33,206] INFO [Replica Manager on Broker 0]: Shut down (kafka.server.ReplicaManager)
[2015-06-26 13:23:33,207] INFO [ReplicaFetcherManager on broker 0] shutting down (kafka.server.ReplicaFetcherManager)
[2015-06-26 13:23:33,208] INFO [ReplicaFetcherManager on broker 0] shutdown completed (kafka.server.ReplicaFetcherManager)
[2015-06-26 13:23:33,210] INFO [Replica Manager on Broker 0]: Shut down completely (kafka.server.ReplicaManager)
[2015-06-26 13:23:33,211] INFO Shutting down. (kafka.log.LogManager)
[2015-06-26 13:23:33,271] INFO Shutdown complete. (kafka.log.LogManager)
[2015-06-26 13:23:33,279] INFO [Kafka Server 0], shut down completed (kafka.server.KafkaServer)
