[2015-06-26 13:09:22,850] DEBUG preRegister called. Server=com.sun.jmx.mbeanserver.JmxMBeanServer@2e8f4fb3, name=log4j:logger=state.change.logger (state.change.logger)
[2015-06-26 13:09:29,295] TRACE Controller 0 epoch 2 started leader election for partition [access_log,0] (state.change.logger)
[2015-06-26 13:09:29,318] ERROR Controller 0 epoch 2 initiated state change for partition [access_log,0] from OfflinePartition to OnlinePartition failed (state.change.logger)
kafka.common.NoReplicaOnlineException: No replica for partition [access_log,0] is alive. Live brokers are: [Set()], Assigned replicas are: [List(0)]
	at kafka.controller.OfflinePartitionLeaderSelector.selectLeader(PartitionLeaderSelector.scala:75)
	at kafka.controller.PartitionStateMachine.electLeaderForPartition(PartitionStateMachine.scala:357)
	at kafka.controller.PartitionStateMachine.kafka$controller$PartitionStateMachine$$handleStateChange(PartitionStateMachine.scala:206)
	at kafka.controller.PartitionStateMachine$$anonfun$triggerOnlinePartitionStateChange$3.apply(PartitionStateMachine.scala:120)
	at kafka.controller.PartitionStateMachine$$anonfun$triggerOnlinePartitionStateChange$3.apply(PartitionStateMachine.scala:117)
	at scala.collection.TraversableLike$WithFilter$$anonfun$foreach$1.apply(TraversableLike.scala:743)
	at scala.collection.mutable.HashMap$$anonfun$foreach$1.apply(HashMap.scala:95)
	at scala.collection.mutable.HashMap$$anonfun$foreach$1.apply(HashMap.scala:95)
	at scala.collection.Iterator$class.foreach(Iterator.scala:772)
	at scala.collection.mutable.HashTable$$anon$1.foreach(HashTable.scala:157)
	at scala.collection.mutable.HashTable$class.foreachEntry(HashTable.scala:190)
	at scala.collection.mutable.HashMap.foreachEntry(HashMap.scala:45)
	at scala.collection.mutable.HashMap.foreach(HashMap.scala:95)
	at scala.collection.TraversableLike$WithFilter.foreach(TraversableLike.scala:742)
	at kafka.controller.PartitionStateMachine.triggerOnlinePartitionStateChange(PartitionStateMachine.scala:117)
	at kafka.controller.PartitionStateMachine.startup(PartitionStateMachine.scala:70)
	at kafka.controller.KafkaController.onControllerFailover(KafkaController.scala:314)
	at kafka.controller.KafkaController$$anonfun$1.apply$mcV$sp(KafkaController.scala:161)
	at kafka.server.ZookeeperLeaderElector.elect(ZookeeperLeaderElector.scala:81)
	at kafka.server.ZookeeperLeaderElector$$anonfun$startup$1.apply$mcZ$sp(ZookeeperLeaderElector.scala:49)
	at kafka.server.ZookeeperLeaderElector$$anonfun$startup$1.apply(ZookeeperLeaderElector.scala:47)
	at kafka.server.ZookeeperLeaderElector$$anonfun$startup$1.apply(ZookeeperLeaderElector.scala:47)
	at kafka.utils.Utils$.inLock(Utils.scala:535)
	at kafka.server.ZookeeperLeaderElector.startup(ZookeeperLeaderElector.scala:47)
	at kafka.controller.KafkaController$$anonfun$startup$1.apply$mcV$sp(KafkaController.scala:650)
	at kafka.controller.KafkaController$$anonfun$startup$1.apply(KafkaController.scala:646)
	at kafka.controller.KafkaController$$anonfun$startup$1.apply(KafkaController.scala:646)
	at kafka.utils.Utils$.inLock(Utils.scala:535)
	at kafka.controller.KafkaController.startup(KafkaController.scala:646)
	at kafka.server.KafkaServer.startup(KafkaServer.scala:117)
	at kafka.server.KafkaServerStartable.startup(KafkaServerStartable.scala:29)
	at kafka.Kafka$.main(Kafka.scala:46)
	at kafka.Kafka.main(Kafka.scala)
[2015-06-26 13:09:29,321] TRACE Controller 0 epoch 2 started leader election for partition [important,0] (state.change.logger)
[2015-06-26 13:09:29,341] ERROR Controller 0 epoch 2 initiated state change for partition [important,0] from OfflinePartition to OnlinePartition failed (state.change.logger)
kafka.common.NoReplicaOnlineException: No replica for partition [important,0] is alive. Live brokers are: [Set()], Assigned replicas are: [List(0)]
	at kafka.controller.OfflinePartitionLeaderSelector.selectLeader(PartitionLeaderSelector.scala:75)
	at kafka.controller.PartitionStateMachine.electLeaderForPartition(PartitionStateMachine.scala:357)
	at kafka.controller.PartitionStateMachine.kafka$controller$PartitionStateMachine$$handleStateChange(PartitionStateMachine.scala:206)
	at kafka.controller.PartitionStateMachine$$anonfun$triggerOnlinePartitionStateChange$3.apply(PartitionStateMachine.scala:120)
	at kafka.controller.PartitionStateMachine$$anonfun$triggerOnlinePartitionStateChange$3.apply(PartitionStateMachine.scala:117)
	at scala.collection.TraversableLike$WithFilter$$anonfun$foreach$1.apply(TraversableLike.scala:743)
	at scala.collection.mutable.HashMap$$anonfun$foreach$1.apply(HashMap.scala:95)
	at scala.collection.mutable.HashMap$$anonfun$foreach$1.apply(HashMap.scala:95)
	at scala.collection.Iterator$class.foreach(Iterator.scala:772)
	at scala.collection.mutable.HashTable$$anon$1.foreach(HashTable.scala:157)
	at scala.collection.mutable.HashTable$class.foreachEntry(HashTable.scala:190)
	at scala.collection.mutable.HashMap.foreachEntry(HashMap.scala:45)
	at scala.collection.mutable.HashMap.foreach(HashMap.scala:95)
	at scala.collection.TraversableLike$WithFilter.foreach(TraversableLike.scala:742)
	at kafka.controller.PartitionStateMachine.triggerOnlinePartitionStateChange(PartitionStateMachine.scala:117)
	at kafka.controller.PartitionStateMachine.startup(PartitionStateMachine.scala:70)
	at kafka.controller.KafkaController.onControllerFailover(KafkaController.scala:314)
	at kafka.controller.KafkaController$$anonfun$1.apply$mcV$sp(KafkaController.scala:161)
	at kafka.server.ZookeeperLeaderElector.elect(ZookeeperLeaderElector.scala:81)
	at kafka.server.ZookeeperLeaderElector$$anonfun$startup$1.apply$mcZ$sp(ZookeeperLeaderElector.scala:49)
	at kafka.server.ZookeeperLeaderElector$$anonfun$startup$1.apply(ZookeeperLeaderElector.scala:47)
	at kafka.server.ZookeeperLeaderElector$$anonfun$startup$1.apply(ZookeeperLeaderElector.scala:47)
	at kafka.utils.Utils$.inLock(Utils.scala:535)
	at kafka.server.ZookeeperLeaderElector.startup(ZookeeperLeaderElector.scala:47)
	at kafka.controller.KafkaController$$anonfun$startup$1.apply$mcV$sp(KafkaController.scala:650)
	at kafka.controller.KafkaController$$anonfun$startup$1.apply(KafkaController.scala:646)
	at kafka.controller.KafkaController$$anonfun$startup$1.apply(KafkaController.scala:646)
	at kafka.utils.Utils$.inLock(Utils.scala:535)
	at kafka.controller.KafkaController.startup(KafkaController.scala:646)
	at kafka.server.KafkaServer.startup(KafkaServer.scala:117)
	at kafka.server.KafkaServerStartable.startup(KafkaServerStartable.scala:29)
	at kafka.Kafka$.main(Kafka.scala:46)
	at kafka.Kafka.main(Kafka.scala)
[2015-06-26 13:09:29,463] TRACE Controller 0 epoch 2 sending UpdateMetadata request (Leader:0,ISR:0,LeaderEpoch:0,ControllerEpoch:1) with correlationId 3 to broker 0 for partition [important,0] (state.change.logger)
[2015-06-26 13:09:29,464] TRACE Controller 0 epoch 2 sending UpdateMetadata request (Leader:0,ISR:0,LeaderEpoch:0,ControllerEpoch:1) with correlationId 3 to broker 0 for partition [access_log,0] (state.change.logger)
[2015-06-26 13:09:29,482] TRACE Controller 0 epoch 2 changed state of replica 0 for partition [access_log,0] from ReplicaDeletionIneligible to OnlineReplica (state.change.logger)
[2015-06-26 13:09:29,484] TRACE Controller 0 epoch 2 changed state of replica 0 for partition [important,0] from ReplicaDeletionIneligible to OnlineReplica (state.change.logger)
[2015-06-26 13:09:29,491] TRACE Controller 0 epoch 2 sending become-leader LeaderAndIsr request (Leader:0,ISR:0,LeaderEpoch:0,ControllerEpoch:1) with correlationId 4 to broker 0 for partition [important,0] (state.change.logger)
[2015-06-26 13:09:29,492] TRACE Controller 0 epoch 2 sending become-leader LeaderAndIsr request (Leader:0,ISR:0,LeaderEpoch:0,ControllerEpoch:1) with correlationId 4 to broker 0 for partition [access_log,0] (state.change.logger)
[2015-06-26 13:09:29,492] TRACE Controller 0 epoch 2 sending UpdateMetadata request (Leader:0,ISR:0,LeaderEpoch:0,ControllerEpoch:1) with correlationId 4 to broker 0 for partition [important,0] (state.change.logger)
[2015-06-26 13:09:29,493] TRACE Controller 0 epoch 2 sending UpdateMetadata request (Leader:0,ISR:0,LeaderEpoch:0,ControllerEpoch:1) with correlationId 4 to broker 0 for partition [access_log,0] (state.change.logger)
[2015-06-26 13:09:29,493] TRACE Controller 0 epoch 2 started leader election for partition [access_log,0] (state.change.logger)
[2015-06-26 13:09:29,521] TRACE Controller 0 epoch 2 elected leader 0 for Offline partition [access_log,0] (state.change.logger)
[2015-06-26 13:09:29,527] TRACE Controller 0 epoch 2 changed partition [access_log,0] from OfflinePartition to OnlinePartition with leader 0 (state.change.logger)
[2015-06-26 13:09:29,527] TRACE Controller 0 epoch 2 started leader election for partition [important,0] (state.change.logger)
[2015-06-26 13:09:29,535] TRACE Broker 0 cached leader info (LeaderAndIsrInfo:(Leader:0,ISR:0,LeaderEpoch:0,ControllerEpoch:1),ReplicationFactor:1),AllReplicas:0) for partition [access_log,0] in response to UpdateMetadata request sent by controller 0 epoch 2 with correlation id 3 (state.change.logger)
[2015-06-26 13:09:29,535] TRACE Broker 0 cached leader info (LeaderAndIsrInfo:(Leader:0,ISR:0,LeaderEpoch:0,ControllerEpoch:1),ReplicationFactor:1),AllReplicas:0) for partition [important,0] in response to UpdateMetadata request sent by controller 0 epoch 2 with correlation id 3 (state.change.logger)
[2015-06-26 13:09:29,541] TRACE Controller 0 epoch 2 elected leader 0 for Offline partition [important,0] (state.change.logger)
[2015-06-26 13:09:29,542] TRACE Controller 0 epoch 2 changed partition [important,0] from OfflinePartition to OnlinePartition with leader 0 (state.change.logger)
[2015-06-26 13:09:29,542] TRACE Controller 0 epoch 2 sending become-leader LeaderAndIsr request (Leader:0,ISR:0,LeaderEpoch:1,ControllerEpoch:2) with correlationId 5 to broker 0 for partition [important,0] (state.change.logger)
[2015-06-26 13:09:29,543] TRACE Controller 0 epoch 2 sending become-leader LeaderAndIsr request (Leader:0,ISR:0,LeaderEpoch:1,ControllerEpoch:2) with correlationId 5 to broker 0 for partition [access_log,0] (state.change.logger)
[2015-06-26 13:09:29,543] TRACE Controller 0 epoch 2 sending UpdateMetadata request (Leader:0,ISR:0,LeaderEpoch:1,ControllerEpoch:2) with correlationId 5 to broker 0 for partition [important,0] (state.change.logger)
[2015-06-26 13:09:29,544] TRACE Controller 0 epoch 2 sending UpdateMetadata request (Leader:0,ISR:0,LeaderEpoch:1,ControllerEpoch:2) with correlationId 5 to broker 0 for partition [access_log,0] (state.change.logger)
[2015-06-26 13:09:29,570] TRACE Controller 0 epoch 2 received response UpdateMetadataResponse(3,0) for a request sent to broker id:0,host:10.11.68.231,port:9092 (state.change.logger)
[2015-06-26 13:09:29,621] TRACE Broker 0 received LeaderAndIsr request (LeaderAndIsrInfo:(Leader:0,ISR:0,LeaderEpoch:0,ControllerEpoch:1),ReplicationFactor:1),AllReplicas:0) correlation id 4 from controller 0 epoch 2 for partition [access_log,0] (state.change.logger)
[2015-06-26 13:09:29,621] TRACE Broker 0 received LeaderAndIsr request (LeaderAndIsrInfo:(Leader:0,ISR:0,LeaderEpoch:0,ControllerEpoch:1),ReplicationFactor:1),AllReplicas:0) correlation id 4 from controller 0 epoch 2 for partition [important,0] (state.change.logger)
[2015-06-26 13:09:29,633] TRACE Broker 0 handling LeaderAndIsr request correlationId 4 from controller 0 epoch 2 starting the become-leader transition for partition [access_log,0] (state.change.logger)
[2015-06-26 13:09:29,633] TRACE Broker 0 handling LeaderAndIsr request correlationId 4 from controller 0 epoch 2 starting the become-leader transition for partition [important,0] (state.change.logger)
[2015-06-26 13:09:29,638] TRACE Broker 0 stopped fetchers as part of become-leader request from controller 0 epoch 2 with correlation id 4 for partition [access_log,0] (state.change.logger)
[2015-06-26 13:09:29,639] TRACE Broker 0 stopped fetchers as part of become-leader request from controller 0 epoch 2 with correlation id 4 for partition [important,0] (state.change.logger)
[2015-06-26 13:09:29,680] TRACE Broker 0 completed LeaderAndIsr request correlationId 4 from controller 0 epoch 2 for the become-leader transition for partition [access_log,0] (state.change.logger)
[2015-06-26 13:09:29,681] TRACE Broker 0 completed LeaderAndIsr request correlationId 4 from controller 0 epoch 2 for the become-leader transition for partition [important,0] (state.change.logger)
[2015-06-26 13:09:29,691] TRACE Controller 0 epoch 2 received response LeaderAndIsrResponse(4,Map((important,0) -> 0, (access_log,0) -> 0),0) for a request sent to broker id:0,host:10.11.68.231,port:9092 (state.change.logger)
[2015-06-26 13:09:29,693] TRACE Broker 0 cached leader info (LeaderAndIsrInfo:(Leader:0,ISR:0,LeaderEpoch:0,ControllerEpoch:1),ReplicationFactor:1),AllReplicas:0) for partition [access_log,0] in response to UpdateMetadata request sent by controller 0 epoch 2 with correlation id 4 (state.change.logger)
[2015-06-26 13:09:29,693] TRACE Broker 0 cached leader info (LeaderAndIsrInfo:(Leader:0,ISR:0,LeaderEpoch:0,ControllerEpoch:1),ReplicationFactor:1),AllReplicas:0) for partition [important,0] in response to UpdateMetadata request sent by controller 0 epoch 2 with correlation id 4 (state.change.logger)
[2015-06-26 13:09:29,693] TRACE Controller 0 epoch 2 received response UpdateMetadataResponse(4,0) for a request sent to broker id:0,host:10.11.68.231,port:9092 (state.change.logger)
[2015-06-26 13:09:29,694] TRACE Broker 0 received LeaderAndIsr request (LeaderAndIsrInfo:(Leader:0,ISR:0,LeaderEpoch:1,ControllerEpoch:2),ReplicationFactor:1),AllReplicas:0) correlation id 5 from controller 0 epoch 2 for partition [access_log,0] (state.change.logger)
[2015-06-26 13:09:29,695] TRACE Broker 0 received LeaderAndIsr request (LeaderAndIsrInfo:(Leader:0,ISR:0,LeaderEpoch:1,ControllerEpoch:2),ReplicationFactor:1),AllReplicas:0) correlation id 5 from controller 0 epoch 2 for partition [important,0] (state.change.logger)
[2015-06-26 13:09:29,695] TRACE Broker 0 handling LeaderAndIsr request correlationId 5 from controller 0 epoch 2 starting the become-leader transition for partition [access_log,0] (state.change.logger)
[2015-06-26 13:09:29,695] TRACE Broker 0 handling LeaderAndIsr request correlationId 5 from controller 0 epoch 2 starting the become-leader transition for partition [important,0] (state.change.logger)
[2015-06-26 13:09:29,696] TRACE Broker 0 stopped fetchers as part of become-leader request from controller 0 epoch 2 with correlation id 5 for partition [access_log,0] (state.change.logger)
[2015-06-26 13:09:29,696] TRACE Broker 0 stopped fetchers as part of become-leader request from controller 0 epoch 2 with correlation id 5 for partition [important,0] (state.change.logger)
[2015-06-26 13:09:29,697] TRACE Broker 0 completed LeaderAndIsr request correlationId 5 from controller 0 epoch 2 for the become-leader transition for partition [access_log,0] (state.change.logger)
[2015-06-26 13:09:29,697] TRACE Broker 0 completed LeaderAndIsr request correlationId 5 from controller 0 epoch 2 for the become-leader transition for partition [important,0] (state.change.logger)
[2015-06-26 13:09:29,698] TRACE Controller 0 epoch 2 received response LeaderAndIsrResponse(5,Map((important,0) -> 0, (access_log,0) -> 0),0) for a request sent to broker id:0,host:10.11.68.231,port:9092 (state.change.logger)
[2015-06-26 13:09:29,700] TRACE Broker 0 cached leader info (LeaderAndIsrInfo:(Leader:0,ISR:0,LeaderEpoch:1,ControllerEpoch:2),ReplicationFactor:1),AllReplicas:0) for partition [access_log,0] in response to UpdateMetadata request sent by controller 0 epoch 2 with correlation id 5 (state.change.logger)
[2015-06-26 13:09:29,700] TRACE Broker 0 cached leader info (LeaderAndIsrInfo:(Leader:0,ISR:0,LeaderEpoch:1,ControllerEpoch:2),ReplicationFactor:1),AllReplicas:0) for partition [important,0] in response to UpdateMetadata request sent by controller 0 epoch 2 with correlation id 5 (state.change.logger)
[2015-06-26 13:09:29,701] TRACE Controller 0 epoch 2 received response UpdateMetadataResponse(5,0) for a request sent to broker id:0,host:10.11.68.231,port:9092 (state.change.logger)
[2015-06-26 13:15:33,315] DEBUG preRegister called. Server=com.sun.jmx.mbeanserver.JmxMBeanServer@7d2a1e44, name=log4j:logger=state.change.logger (state.change.logger)
[2015-06-26 13:16:57,307] DEBUG preRegister called. Server=com.sun.jmx.mbeanserver.JmxMBeanServer@42b988a6, name=log4j:logger=state.change.logger (state.change.logger)
[2015-06-26 13:18:48,743] DEBUG preRegister called. Server=com.sun.jmx.mbeanserver.JmxMBeanServer@42b988a6, name=log4j:logger=state.change.logger (state.change.logger)
[2015-06-26 13:19:35,546] DEBUG preRegister called. Server=com.sun.jmx.mbeanserver.JmxMBeanServer@22ba6c83, name=log4j:logger=state.change.logger (state.change.logger)
[2015-06-26 13:20:40,550] DEBUG preRegister called. Server=com.sun.jmx.mbeanserver.JmxMBeanServer@42b988a6, name=log4j:logger=state.change.logger (state.change.logger)
[2015-06-26 13:21:33,370] DEBUG preRegister called. Server=com.sun.jmx.mbeanserver.JmxMBeanServer@22ba6c83, name=log4j:logger=state.change.logger (state.change.logger)
[2015-06-26 13:22:53,600] DEBUG preRegister called. Server=com.sun.jmx.mbeanserver.JmxMBeanServer@42b988a6, name=log4j:logger=state.change.logger (state.change.logger)
[2015-06-26 13:22:55,492] TRACE Controller 0 epoch 3 started leader election for partition [access_log,0] (state.change.logger)
[2015-06-26 13:22:55,518] ERROR Controller 0 epoch 3 initiated state change for partition [access_log,0] from OfflinePartition to OnlinePartition failed (state.change.logger)
kafka.common.NoReplicaOnlineException: No replica for partition [access_log,0] is alive. Live brokers are: [Set()], Assigned replicas are: [List(0)]
	at kafka.controller.OfflinePartitionLeaderSelector.selectLeader(PartitionLeaderSelector.scala:75)
	at kafka.controller.PartitionStateMachine.electLeaderForPartition(PartitionStateMachine.scala:357)
	at kafka.controller.PartitionStateMachine.kafka$controller$PartitionStateMachine$$handleStateChange(PartitionStateMachine.scala:206)
	at kafka.controller.PartitionStateMachine$$anonfun$triggerOnlinePartitionStateChange$3.apply(PartitionStateMachine.scala:120)
	at kafka.controller.PartitionStateMachine$$anonfun$triggerOnlinePartitionStateChange$3.apply(PartitionStateMachine.scala:117)
	at scala.collection.TraversableLike$WithFilter$$anonfun$foreach$1.apply(TraversableLike.scala:743)
	at scala.collection.mutable.HashMap$$anonfun$foreach$1.apply(HashMap.scala:95)
	at scala.collection.mutable.HashMap$$anonfun$foreach$1.apply(HashMap.scala:95)
	at scala.collection.Iterator$class.foreach(Iterator.scala:772)
	at scala.collection.mutable.HashTable$$anon$1.foreach(HashTable.scala:157)
	at scala.collection.mutable.HashTable$class.foreachEntry(HashTable.scala:190)
	at scala.collection.mutable.HashMap.foreachEntry(HashMap.scala:45)
	at scala.collection.mutable.HashMap.foreach(HashMap.scala:95)
	at scala.collection.TraversableLike$WithFilter.foreach(TraversableLike.scala:742)
	at kafka.controller.PartitionStateMachine.triggerOnlinePartitionStateChange(PartitionStateMachine.scala:117)
	at kafka.controller.PartitionStateMachine.startup(PartitionStateMachine.scala:70)
	at kafka.controller.KafkaController.onControllerFailover(KafkaController.scala:314)
	at kafka.controller.KafkaController$$anonfun$1.apply$mcV$sp(KafkaController.scala:161)
	at kafka.server.ZookeeperLeaderElector.elect(ZookeeperLeaderElector.scala:81)
	at kafka.server.ZookeeperLeaderElector$$anonfun$startup$1.apply$mcZ$sp(ZookeeperLeaderElector.scala:49)
	at kafka.server.ZookeeperLeaderElector$$anonfun$startup$1.apply(ZookeeperLeaderElector.scala:47)
	at kafka.server.ZookeeperLeaderElector$$anonfun$startup$1.apply(ZookeeperLeaderElector.scala:47)
	at kafka.utils.Utils$.inLock(Utils.scala:535)
	at kafka.server.ZookeeperLeaderElector.startup(ZookeeperLeaderElector.scala:47)
	at kafka.controller.KafkaController$$anonfun$startup$1.apply$mcV$sp(KafkaController.scala:650)
	at kafka.controller.KafkaController$$anonfun$startup$1.apply(KafkaController.scala:646)
	at kafka.controller.KafkaController$$anonfun$startup$1.apply(KafkaController.scala:646)
	at kafka.utils.Utils$.inLock(Utils.scala:535)
	at kafka.controller.KafkaController.startup(KafkaController.scala:646)
	at kafka.server.KafkaServer.startup(KafkaServer.scala:117)
	at kafka.server.KafkaServerStartable.startup(KafkaServerStartable.scala:29)
	at kafka.Kafka$.main(Kafka.scala:46)
	at kafka.Kafka.main(Kafka.scala)
[2015-06-26 13:22:55,533] TRACE Controller 0 epoch 3 started leader election for partition [important,0] (state.change.logger)
[2015-06-26 13:22:55,553] ERROR Controller 0 epoch 3 initiated state change for partition [important,0] from OfflinePartition to OnlinePartition failed (state.change.logger)
kafka.common.NoReplicaOnlineException: No replica for partition [important,0] is alive. Live brokers are: [Set()], Assigned replicas are: [List(0)]
	at kafka.controller.OfflinePartitionLeaderSelector.selectLeader(PartitionLeaderSelector.scala:75)
	at kafka.controller.PartitionStateMachine.electLeaderForPartition(PartitionStateMachine.scala:357)
	at kafka.controller.PartitionStateMachine.kafka$controller$PartitionStateMachine$$handleStateChange(PartitionStateMachine.scala:206)
	at kafka.controller.PartitionStateMachine$$anonfun$triggerOnlinePartitionStateChange$3.apply(PartitionStateMachine.scala:120)
	at kafka.controller.PartitionStateMachine$$anonfun$triggerOnlinePartitionStateChange$3.apply(PartitionStateMachine.scala:117)
	at scala.collection.TraversableLike$WithFilter$$anonfun$foreach$1.apply(TraversableLike.scala:743)
	at scala.collection.mutable.HashMap$$anonfun$foreach$1.apply(HashMap.scala:95)
	at scala.collection.mutable.HashMap$$anonfun$foreach$1.apply(HashMap.scala:95)
	at scala.collection.Iterator$class.foreach(Iterator.scala:772)
	at scala.collection.mutable.HashTable$$anon$1.foreach(HashTable.scala:157)
	at scala.collection.mutable.HashTable$class.foreachEntry(HashTable.scala:190)
	at scala.collection.mutable.HashMap.foreachEntry(HashMap.scala:45)
	at scala.collection.mutable.HashMap.foreach(HashMap.scala:95)
	at scala.collection.TraversableLike$WithFilter.foreach(TraversableLike.scala:742)
	at kafka.controller.PartitionStateMachine.triggerOnlinePartitionStateChange(PartitionStateMachine.scala:117)
	at kafka.controller.PartitionStateMachine.startup(PartitionStateMachine.scala:70)
	at kafka.controller.KafkaController.onControllerFailover(KafkaController.scala:314)
	at kafka.controller.KafkaController$$anonfun$1.apply$mcV$sp(KafkaController.scala:161)
	at kafka.server.ZookeeperLeaderElector.elect(ZookeeperLeaderElector.scala:81)
	at kafka.server.ZookeeperLeaderElector$$anonfun$startup$1.apply$mcZ$sp(ZookeeperLeaderElector.scala:49)
	at kafka.server.ZookeeperLeaderElector$$anonfun$startup$1.apply(ZookeeperLeaderElector.scala:47)
	at kafka.server.ZookeeperLeaderElector$$anonfun$startup$1.apply(ZookeeperLeaderElector.scala:47)
	at kafka.utils.Utils$.inLock(Utils.scala:535)
	at kafka.server.ZookeeperLeaderElector.startup(ZookeeperLeaderElector.scala:47)
	at kafka.controller.KafkaController$$anonfun$startup$1.apply$mcV$sp(KafkaController.scala:650)
	at kafka.controller.KafkaController$$anonfun$startup$1.apply(KafkaController.scala:646)
	at kafka.controller.KafkaController$$anonfun$startup$1.apply(KafkaController.scala:646)
	at kafka.utils.Utils$.inLock(Utils.scala:535)
	at kafka.controller.KafkaController.startup(KafkaController.scala:646)
	at kafka.server.KafkaServer.startup(KafkaServer.scala:117)
	at kafka.server.KafkaServerStartable.startup(KafkaServerStartable.scala:29)
	at kafka.Kafka$.main(Kafka.scala:46)
	at kafka.Kafka.main(Kafka.scala)
[2015-06-26 13:22:55,851] TRACE Controller 0 epoch 3 sending UpdateMetadata request (Leader:0,ISR:0,LeaderEpoch:1,ControllerEpoch:2) with correlationId 3 to broker 0 for partition [important,0] (state.change.logger)
[2015-06-26 13:22:55,852] TRACE Controller 0 epoch 3 sending UpdateMetadata request (Leader:0,ISR:0,LeaderEpoch:1,ControllerEpoch:2) with correlationId 3 to broker 0 for partition [access_log,0] (state.change.logger)
[2015-06-26 13:22:55,874] TRACE Controller 0 epoch 3 changed state of replica 0 for partition [access_log,0] from ReplicaDeletionIneligible to OnlineReplica (state.change.logger)
[2015-06-26 13:22:55,874] TRACE Controller 0 epoch 3 changed state of replica 0 for partition [important,0] from ReplicaDeletionIneligible to OnlineReplica (state.change.logger)
[2015-06-26 13:22:55,878] TRACE Broker 0 cached leader info (LeaderAndIsrInfo:(Leader:0,ISR:0,LeaderEpoch:1,ControllerEpoch:2),ReplicationFactor:1),AllReplicas:0) for partition [access_log,0] in response to UpdateMetadata request sent by controller 0 epoch 3 with correlation id 3 (state.change.logger)
[2015-06-26 13:22:55,879] TRACE Broker 0 cached leader info (LeaderAndIsrInfo:(Leader:0,ISR:0,LeaderEpoch:1,ControllerEpoch:2),ReplicationFactor:1),AllReplicas:0) for partition [important,0] in response to UpdateMetadata request sent by controller 0 epoch 3 with correlation id 3 (state.change.logger)
[2015-06-26 13:22:55,881] TRACE Controller 0 epoch 3 sending become-leader LeaderAndIsr request (Leader:0,ISR:0,LeaderEpoch:1,ControllerEpoch:2) with correlationId 4 to broker 0 for partition [important,0] (state.change.logger)
[2015-06-26 13:22:55,881] TRACE Controller 0 epoch 3 sending become-leader LeaderAndIsr request (Leader:0,ISR:0,LeaderEpoch:1,ControllerEpoch:2) with correlationId 4 to broker 0 for partition [access_log,0] (state.change.logger)
[2015-06-26 13:22:55,882] TRACE Controller 0 epoch 3 sending UpdateMetadata request (Leader:0,ISR:0,LeaderEpoch:1,ControllerEpoch:2) with correlationId 4 to broker 0 for partition [important,0] (state.change.logger)
[2015-06-26 13:22:55,882] TRACE Controller 0 epoch 3 sending UpdateMetadata request (Leader:0,ISR:0,LeaderEpoch:1,ControllerEpoch:2) with correlationId 4 to broker 0 for partition [access_log,0] (state.change.logger)
[2015-06-26 13:22:55,883] TRACE Controller 0 epoch 3 started leader election for partition [access_log,0] (state.change.logger)
[2015-06-26 13:22:55,909] TRACE Controller 0 epoch 3 elected leader 0 for Offline partition [access_log,0] (state.change.logger)
[2015-06-26 13:22:55,918] TRACE Controller 0 epoch 3 received response UpdateMetadataResponse(3,0) for a request sent to broker id:0,host:10.11.68.231,port:9092 (state.change.logger)
[2015-06-26 13:22:55,936] TRACE Controller 0 epoch 3 changed partition [access_log,0] from OfflinePartition to OnlinePartition with leader 0 (state.change.logger)
[2015-06-26 13:22:55,936] TRACE Controller 0 epoch 3 started leader election for partition [important,0] (state.change.logger)
[2015-06-26 13:22:55,937] TRACE Broker 0 received LeaderAndIsr request (LeaderAndIsrInfo:(Leader:0,ISR:0,LeaderEpoch:1,ControllerEpoch:2),ReplicationFactor:1),AllReplicas:0) correlation id 4 from controller 0 epoch 3 for partition [access_log,0] (state.change.logger)
[2015-06-26 13:22:55,937] TRACE Broker 0 received LeaderAndIsr request (LeaderAndIsrInfo:(Leader:0,ISR:0,LeaderEpoch:1,ControllerEpoch:2),ReplicationFactor:1),AllReplicas:0) correlation id 4 from controller 0 epoch 3 for partition [important,0] (state.change.logger)
[2015-06-26 13:22:55,955] TRACE Broker 0 handling LeaderAndIsr request correlationId 4 from controller 0 epoch 3 starting the become-leader transition for partition [access_log,0] (state.change.logger)
[2015-06-26 13:22:55,955] TRACE Broker 0 handling LeaderAndIsr request correlationId 4 from controller 0 epoch 3 starting the become-leader transition for partition [important,0] (state.change.logger)
[2015-06-26 13:22:55,962] TRACE Broker 0 stopped fetchers as part of become-leader request from controller 0 epoch 3 with correlation id 4 for partition [access_log,0] (state.change.logger)
[2015-06-26 13:22:55,962] TRACE Broker 0 stopped fetchers as part of become-leader request from controller 0 epoch 3 with correlation id 4 for partition [important,0] (state.change.logger)
[2015-06-26 13:22:55,964] TRACE Controller 0 epoch 3 elected leader 0 for Offline partition [important,0] (state.change.logger)
[2015-06-26 13:22:55,965] TRACE Controller 0 epoch 3 changed partition [important,0] from OfflinePartition to OnlinePartition with leader 0 (state.change.logger)
[2015-06-26 13:22:55,966] TRACE Controller 0 epoch 3 sending become-leader LeaderAndIsr request (Leader:0,ISR:0,LeaderEpoch:2,ControllerEpoch:3) with correlationId 5 to broker 0 for partition [important,0] (state.change.logger)
[2015-06-26 13:22:55,966] TRACE Controller 0 epoch 3 sending become-leader LeaderAndIsr request (Leader:0,ISR:0,LeaderEpoch:2,ControllerEpoch:3) with correlationId 5 to broker 0 for partition [access_log,0] (state.change.logger)
[2015-06-26 13:22:55,967] TRACE Controller 0 epoch 3 sending UpdateMetadata request (Leader:0,ISR:0,LeaderEpoch:2,ControllerEpoch:3) with correlationId 5 to broker 0 for partition [important,0] (state.change.logger)
[2015-06-26 13:22:55,967] TRACE Controller 0 epoch 3 sending UpdateMetadata request (Leader:0,ISR:0,LeaderEpoch:2,ControllerEpoch:3) with correlationId 5 to broker 0 for partition [access_log,0] (state.change.logger)
[2015-06-26 13:22:56,001] TRACE Broker 0 completed LeaderAndIsr request correlationId 4 from controller 0 epoch 3 for the become-leader transition for partition [access_log,0] (state.change.logger)
[2015-06-26 13:22:56,001] TRACE Broker 0 completed LeaderAndIsr request correlationId 4 from controller 0 epoch 3 for the become-leader transition for partition [important,0] (state.change.logger)
[2015-06-26 13:22:56,011] TRACE Controller 0 epoch 3 received response LeaderAndIsrResponse(4,Map((important,0) -> 0, (access_log,0) -> 0),0) for a request sent to broker id:0,host:10.11.68.231,port:9092 (state.change.logger)
[2015-06-26 13:22:56,013] TRACE Broker 0 cached leader info (LeaderAndIsrInfo:(Leader:0,ISR:0,LeaderEpoch:1,ControllerEpoch:2),ReplicationFactor:1),AllReplicas:0) for partition [access_log,0] in response to UpdateMetadata request sent by controller 0 epoch 3 with correlation id 4 (state.change.logger)
[2015-06-26 13:22:56,013] TRACE Broker 0 cached leader info (LeaderAndIsrInfo:(Leader:0,ISR:0,LeaderEpoch:1,ControllerEpoch:2),ReplicationFactor:1),AllReplicas:0) for partition [important,0] in response to UpdateMetadata request sent by controller 0 epoch 3 with correlation id 4 (state.change.logger)
[2015-06-26 13:22:56,014] TRACE Controller 0 epoch 3 received response UpdateMetadataResponse(4,0) for a request sent to broker id:0,host:10.11.68.231,port:9092 (state.change.logger)
[2015-06-26 13:22:56,015] TRACE Broker 0 received LeaderAndIsr request (LeaderAndIsrInfo:(Leader:0,ISR:0,LeaderEpoch:2,ControllerEpoch:3),ReplicationFactor:1),AllReplicas:0) correlation id 5 from controller 0 epoch 3 for partition [access_log,0] (state.change.logger)
[2015-06-26 13:22:56,015] TRACE Broker 0 received LeaderAndIsr request (LeaderAndIsrInfo:(Leader:0,ISR:0,LeaderEpoch:2,ControllerEpoch:3),ReplicationFactor:1),AllReplicas:0) correlation id 5 from controller 0 epoch 3 for partition [important,0] (state.change.logger)
[2015-06-26 13:22:56,016] TRACE Broker 0 handling LeaderAndIsr request correlationId 5 from controller 0 epoch 3 starting the become-leader transition for partition [access_log,0] (state.change.logger)
[2015-06-26 13:22:56,016] TRACE Broker 0 handling LeaderAndIsr request correlationId 5 from controller 0 epoch 3 starting the become-leader transition for partition [important,0] (state.change.logger)
[2015-06-26 13:22:56,016] TRACE Broker 0 stopped fetchers as part of become-leader request from controller 0 epoch 3 with correlation id 5 for partition [access_log,0] (state.change.logger)
[2015-06-26 13:22:56,017] TRACE Broker 0 stopped fetchers as part of become-leader request from controller 0 epoch 3 with correlation id 5 for partition [important,0] (state.change.logger)
[2015-06-26 13:22:56,017] TRACE Broker 0 completed LeaderAndIsr request correlationId 5 from controller 0 epoch 3 for the become-leader transition for partition [access_log,0] (state.change.logger)
[2015-06-26 13:22:56,018] TRACE Broker 0 completed LeaderAndIsr request correlationId 5 from controller 0 epoch 3 for the become-leader transition for partition [important,0] (state.change.logger)
[2015-06-26 13:22:56,019] TRACE Controller 0 epoch 3 received response LeaderAndIsrResponse(5,Map((important,0) -> 0, (access_log,0) -> 0),0) for a request sent to broker id:0,host:10.11.68.231,port:9092 (state.change.logger)
[2015-06-26 13:22:56,020] TRACE Broker 0 cached leader info (LeaderAndIsrInfo:(Leader:0,ISR:0,LeaderEpoch:2,ControllerEpoch:3),ReplicationFactor:1),AllReplicas:0) for partition [access_log,0] in response to UpdateMetadata request sent by controller 0 epoch 3 with correlation id 5 (state.change.logger)
[2015-06-26 13:22:56,020] TRACE Broker 0 cached leader info (LeaderAndIsrInfo:(Leader:0,ISR:0,LeaderEpoch:2,ControllerEpoch:3),ReplicationFactor:1),AllReplicas:0) for partition [important,0] in response to UpdateMetadata request sent by controller 0 epoch 3 with correlation id 5 (state.change.logger)
[2015-06-26 13:22:56,020] TRACE Controller 0 epoch 3 received response UpdateMetadataResponse(5,0) for a request sent to broker id:0,host:10.11.68.231,port:9092 (state.change.logger)
