[2015-06-25 17:21:18,254] INFO Verifying properties (kafka.utils.VerifiableProperties)
[2015-06-25 17:21:18,301] INFO Property broker.id is overridden to 0 (kafka.utils.VerifiableProperties)
[2015-06-25 17:21:18,301] INFO Property log.cleaner.enable is overridden to false (kafka.utils.VerifiableProperties)
[2015-06-25 17:21:18,301] INFO Property log.dirs is overridden to /tmp/kafka-logs (kafka.utils.VerifiableProperties)
[2015-06-25 17:21:18,301] INFO Property log.retention.check.interval.ms is overridden to 300000 (kafka.utils.VerifiableProperties)
[2015-06-25 17:21:18,301] INFO Property log.retention.hours is overridden to 168 (kafka.utils.VerifiableProperties)
[2015-06-25 17:21:18,302] INFO Property log.segment.bytes is overridden to 1073741824 (kafka.utils.VerifiableProperties)
[2015-06-25 17:21:18,302] INFO Property num.io.threads is overridden to 8 (kafka.utils.VerifiableProperties)
[2015-06-25 17:21:18,302] INFO Property num.network.threads is overridden to 3 (kafka.utils.VerifiableProperties)
[2015-06-25 17:21:18,302] INFO Property num.partitions is overridden to 1 (kafka.utils.VerifiableProperties)
[2015-06-25 17:21:18,303] INFO Property num.recovery.threads.per.data.dir is overridden to 1 (kafka.utils.VerifiableProperties)
[2015-06-25 17:21:18,303] INFO Property port is overridden to 9092 (kafka.utils.VerifiableProperties)
[2015-06-25 17:21:18,303] INFO Property socket.receive.buffer.bytes is overridden to 102400 (kafka.utils.VerifiableProperties)
[2015-06-25 17:21:18,303] INFO Property socket.request.max.bytes is overridden to 104857600 (kafka.utils.VerifiableProperties)
[2015-06-25 17:21:18,303] INFO Property socket.send.buffer.bytes is overridden to 102400 (kafka.utils.VerifiableProperties)
[2015-06-25 17:21:18,304] INFO Property zookeeper.connect is overridden to localhost:2181 (kafka.utils.VerifiableProperties)
[2015-06-25 17:21:18,304] INFO Property zookeeper.connection.timeout.ms is overridden to 6000 (kafka.utils.VerifiableProperties)
[2015-06-25 17:21:18,364] INFO [Kafka Server 0], starting (kafka.server.KafkaServer)
[2015-06-25 17:21:18,367] INFO [Kafka Server 0], Connecting to zookeeper on localhost:2181 (kafka.server.KafkaServer)
[2015-06-25 17:21:23,636] INFO Log directory '/tmp/kafka-logs' not found, creating it. (kafka.log.LogManager)
[2015-06-25 17:21:23,661] INFO Loading logs. (kafka.log.LogManager)
[2015-06-25 17:21:23,673] INFO Logs loading complete. (kafka.log.LogManager)
[2015-06-25 17:21:23,674] INFO Starting log cleanup with a period of 300000 ms. (kafka.log.LogManager)
[2015-06-25 17:21:23,678] INFO Starting log flusher with a default period of 9223372036854775807 ms. (kafka.log.LogManager)
[2015-06-25 17:21:23,729] INFO Awaiting socket connections on 0.0.0.0:9092. (kafka.network.Acceptor)
[2015-06-25 17:21:23,764] INFO [Socket Server on Broker 0], Started (kafka.network.SocketServer)
[2015-06-25 17:21:23,863] INFO Will not load MX4J, mx4j-tools.jar is not in the classpath (kafka.utils.Mx4jLoader$)
[2015-06-25 17:21:23,910] INFO 0 successfully elected as leader (kafka.server.ZookeeperLeaderElector)
[2015-06-25 17:21:24,029] INFO Registered broker 0 at path /brokers/ids/0 with address 10.11.68.231:9092. (kafka.utils.ZkUtils$)
[2015-06-25 17:21:24,049] INFO [Kafka Server 0], started (kafka.server.KafkaServer)
[2015-06-25 17:21:24,129] INFO New leader is 0 (kafka.server.ZookeeperLeaderElector$LeaderChangeListener)
[2015-06-25 17:24:13,870] INFO Topic creation {"version":1,"partitions":{"0":[0]}} (kafka.admin.AdminUtils$)
[2015-06-25 17:24:13,874] INFO [KafkaApi-0] Auto creation of topic important with 1 partitions and replication factor 1 is successful! (kafka.server.KafkaApis)
[2015-06-25 17:24:13,957] INFO [ReplicaFetcherManager on broker 0] Removed fetcher for partitions [important,0] (kafka.server.ReplicaFetcherManager)
[2015-06-25 17:24:13,997] INFO Completed load of log important-0 with log end offset 0 (kafka.log.Log)
[2015-06-25 17:24:14,000] INFO Created log for partition [important,0] in /tmp/kafka-logs with properties {segment.index.bytes -> 10485760, file.delete.delay.ms -> 60000, segment.bytes -> 1073741824, flush.ms -> 9223372036854775807, delete.retention.ms -> 86400000, index.interval.bytes -> 4096, retention.bytes -> -1, min.insync.replicas -> 1, cleanup.policy -> delete, unclean.leader.election.enable -> true, segment.ms -> 604800000, max.message.bytes -> 1000012, flush.messages -> 9223372036854775807, min.cleanable.dirty.ratio -> 0.5, retention.ms -> 604800000, segment.jitter.ms -> 0}. (kafka.log.LogManager)
[2015-06-25 17:24:14,001] WARN Partition [important,0] on broker 0: No checkpointed highwatermark is found for partition [important,0] (kafka.cluster.Partition)
[2015-06-25 17:24:14,208] INFO Topic creation {"version":1,"partitions":{"0":[0]}} (kafka.admin.AdminUtils$)
[2015-06-25 17:24:14,220] INFO [KafkaApi-0] Auto creation of topic access_log with 1 partitions and replication factor 1 is successful! (kafka.server.KafkaApis)
[2015-06-25 17:24:14,267] INFO [ReplicaFetcherManager on broker 0] Removed fetcher for partitions [access_log,0] (kafka.server.ReplicaFetcherManager)
[2015-06-25 17:24:14,275] INFO Completed load of log access_log-0 with log end offset 0 (kafka.log.Log)
[2015-06-25 17:24:14,278] INFO Created log for partition [access_log,0] in /tmp/kafka-logs with properties {segment.index.bytes -> 10485760, file.delete.delay.ms -> 60000, segment.bytes -> 1073741824, flush.ms -> 9223372036854775807, delete.retention.ms -> 86400000, index.interval.bytes -> 4096, retention.bytes -> -1, min.insync.replicas -> 1, cleanup.policy -> delete, unclean.leader.election.enable -> true, segment.ms -> 604800000, max.message.bytes -> 1000012, flush.messages -> 9223372036854775807, min.cleanable.dirty.ratio -> 0.5, retention.ms -> 604800000, segment.jitter.ms -> 0}. (kafka.log.LogManager)
[2015-06-25 17:24:14,278] WARN Partition [access_log,0] on broker 0: No checkpointed highwatermark is found for partition [access_log,0] (kafka.cluster.Partition)
